<?xml version="1.0" encoding="UTF-8"?>
<!-- Generated by org.testng.reporters.JUnitXMLReporter -->
<testsuite ignored="4" hostname="TYSS-Sunil" failures="0" tests="6" name="beMasterlyTest_Firefox" time="19.984" errors="0" timestamp="2023-07-15T10:57:09 IST">
  <testcase classname="com.bemasterly.testcase.AcademicCycle" name="TestCase_1" time="0.0">
    <skipped/>
  </testcase> <!-- TestCase_1 -->
  <testcase classname="com.bemasterly.testcase.Offerings" name="TetsCase_1" time="0.0">
    <skipped/>
  </testcase> <!-- TetsCase_1 -->
  <testcase classname="com.bemasterly.testcase.Student" name="TestCase_1" time="0.0">
    <skipped/>
  </testcase> <!-- TestCase_1 -->
  <testcase classname="com.bemasterly.testcase.Student" name="TestCase_2" time="0.0">
    <skipped/>
  </testcase> <!-- TestCase_2 -->
  <testcase classname="com.bemasterly.testcase.Student" name="TestCase_3" time="0.0">
    <skipped/>
  </testcase> <!-- TestCase_3 -->
  <testcase classname="com.bemasterly.testcase.Student" name="TestCase_4" time="0.0">
    <skipped/>
  </testcase> <!-- TestCase_4 -->
  <testcase classname="com.bemasterly.testcase.BaseClass" name="@BeforeTest baseTest" time="0.0">
    <ignored/>
  </testcase> <!-- @BeforeTest baseTest -->
  <testcase classname="com.bemasterly.testcase.BaseClass" name="@AfterTest afterTest" time="0.0">
    <ignored/>
  </testcase> <!-- @AfterTest afterTest -->
  <testcase classname="com.bemasterly.testcase.BaseClass" name="@AfterTest afterTest" time="0.0">
    <ignored/>
  </testcase> <!-- @AfterTest afterTest -->
  <testcase classname="com.bemasterly.testcase.BaseClass" name="@BeforeTest baseTest" time="0.0">
    <ignored/>
  </testcase> <!-- @BeforeTest baseTest -->
</testsuite> <!-- beMasterlyTest_Firefox -->
