<?xml version="1.0" encoding="UTF-8"?>
<!-- Generated by org.testng.reporters.JUnitXMLReporter -->
<testsuite ignored="0" hostname="TYSS-Sunil" failures="0" tests="3" name="Test" time="66.919" errors="0" timestamp="2023-07-13T18:49:37 IST">
  <testcase classname="com.mastorly.testcase.InstituteSetup" name="TestCase_1" time="52.078"/>
  <testcase classname="com.mastorly.testcase.InstituteSetup" name="TestCase_2" time="6.462"/>
  <testcase classname="com.mastorly.testcase.InstituteSetup" name="TestCase_3" time="4.598"/>
</testsuite> <!-- Test -->
