<?xml version="1.0" encoding="UTF-8"?>
<!-- Generated by org.testng.reporters.JUnitXMLReporter -->
<testsuite ignored="1" hostname="TYSS-Sunil" failures="0" tests="3" name="Test" time="12.615" errors="0" timestamp="2023-07-12T11:53:34 IST">
  <testcase classname="com.mastorly.testcase.Student" name="TestCase_1" time="7.356"/>
  <testcase classname="com.mastorly.testcase.Student" name="TestCase_2" time="0.453"/>
  <testcase classname="com.mastorly.testcase.Student" name="TestCase_3" time="0.042"/>
  <testcase classname="com.mastorly.testcase.BaseClass" name="@BeforeTest baseTest" time="0.0">
    <ignored/>
  </testcase> <!-- @BeforeTest baseTest -->
</testsuite> <!-- Test -->
