<?xml version="1.0" encoding="UTF-8"?>
<testng-results ignored="0" total="3" passed="3" failed="0" skipped="0">
  <reporter-output>
  </reporter-output>
  <suite started-at="2023-07-13T18:48:30 IST" name="Suite" finished-at="2023-07-13T18:49:37 IST" duration-ms="66919">
    <groups>
    </groups>
    <test started-at="2023-07-13T18:48:30 IST" name="Test" finished-at="2023-07-13T18:49:37 IST" duration-ms="66919">
      <class name="com.mastorly.testcase.InstituteSetup">
        <test-method is-config="true" signature="baseTest(java.lang.String,java.lang.String,java.lang.String,java.lang.String)[pri:0, instance:com.mastorly.testcase.InstituteSetup@78e4deb0]" started-at="2023-07-13T18:48:30 IST" name="baseTest" finished-at="2023-07-13T18:48:34 IST" duration-ms="3755" status="PASS">
          <params>
            <param index="0">
              <value>
                <![CDATA[chrome]]>
              </value>
            </param>
            <param index="1">
              <value>
                <![CDATA[http://newvision.mastorly.com/login]]>
              </value>
            </param>
            <param index="2">
              <value>
                <![CDATA[Newvision]]>
              </value>
            </param>
            <param index="3">
              <value>
                <![CDATA[Genext@123]]>
              </value>
            </param>
          </params>
          <reporter-output>
          </reporter-output>
        </test-method> <!-- baseTest -->
        <test-method signature="TestCase_1()[pri:1, instance:com.mastorly.testcase.InstituteSetup@78e4deb0]" started-at="2023-07-13T18:48:34 IST" name="TestCase_1" finished-at="2023-07-13T18:49:26 IST" duration-ms="52078" status="PASS">
          <reporter-output>
          </reporter-output>
        </test-method> <!-- TestCase_1 -->
        <test-method signature="TestCase_2()[pri:2, instance:com.mastorly.testcase.InstituteSetup@78e4deb0]" started-at="2023-07-13T18:49:26 IST" name="TestCase_2" finished-at="2023-07-13T18:49:32 IST" duration-ms="6462" status="PASS">
          <reporter-output>
          </reporter-output>
        </test-method> <!-- TestCase_2 -->
        <test-method signature="TestCase_3()[pri:3, instance:com.mastorly.testcase.InstituteSetup@78e4deb0]" started-at="2023-07-13T18:49:32 IST" name="TestCase_3" finished-at="2023-07-13T18:49:37 IST" duration-ms="4598" status="PASS">
          <reporter-output>
          </reporter-output>
        </test-method> <!-- TestCase_3 -->
      </class> <!-- com.mastorly.testcase.InstituteSetup -->
    </test> <!-- Test -->
  </suite> <!-- Suite -->
</testng-results>
